Pee/proguard/seeds.txt
com.coco.lock2.app.Pee.AppConfig: com.coco.lock2.app.Pee.AppConfig getInstance(android.content.Context)
com.coco.lock2.app.Pee.AppConfig: boolean statusbarupdate()
com.coco.lock2.app.Pee.AppConfig: int wddxX()
com.coco.lock2.app.Pee.AppConfig: int wddxY()
com.coco.lock2.app.Pee.AppConfig: int wjdhX()
com.coco.lock2.app.Pee.AppConfig: int wjdhY()
com.coco.lock2.app.Pee.AppConfig: int wdxxfontsize()
com.coco.lock2.app.Pee.AppConfig: int weatherImgX()
com.coco.lock2.app.Pee.AppConfig: int weatherImgY()
com.coco.lock2.app.Pee.AppConfig: int weatherStrX()
com.coco.lock2.app.Pee.AppConfig: int weatherStrY()
com.coco.lock2.app.Pee.AppConfig: int cityX()
com.coco.lock2.app.Pee.AppConfig: int cityY()
com.coco.lock2.app.Pee.AppConfig: int weatherStrfontSize()
com.coco.lock2.app.Pee.AppConfig: int cityfontSize()
com.coco.lock2.app.Pee.AppConfig: boolean shielding()
com.coco.lock2.app.Pee.AppConfig: boolean usetimeimg()
com.coco.lock2.app.Pee.AppConfig: boolean AmFixed()
com.coco.lock2.app.Pee.AppConfig: boolean missingInformationTimeDis()
com.coco.lock2.app.Pee.AppConfig: int Powerfontsize()
com.coco.lock2.app.Pee.AppConfig: int powerX()
com.coco.lock2.app.Pee.AppConfig: int powerY()
com.coco.lock2.app.Pee.AppConfig: boolean Accordingtocarrier()
com.coco.lock2.app.Pee.AppConfig: int mSmsbl()
com.coco.lock2.app.Pee.AppConfig: int missingInformationY()
com.coco.lock2.app.Pee.AppConfig: boolean systemWallpaper4_0()
com.coco.lock2.app.Pee.AppConfig: boolean Increaseweek()
com.coco.lock2.app.Pee.Base: android.os.Handler getMhandler()
com.coco.lock2.app.Pee.Base: Base()
com.coco.lock2.app.Pee.Base: void onResume()
com.coco.lock2.app.Pee.Base: void onPause()
com.coco.lock2.app.Pee.Base: void onDestroy()
com.coco.lock2.app.Pee.Base: void InitUI(int,int)
com.coco.lock2.app.Pee.Base: void onDraw(android.graphics.Canvas)
com.coco.lock2.app.Pee.Base: void delayHandle()
com.coco.lock2.app.Pee.BuildConfig: BuildConfig()
com.coco.lock2.app.Pee.Child: Child(android.content.Context,int,int)
com.coco.lock2.app.Pee.Child: void setViewHeight(int)
com.coco.lock2.app.Pee.Child: void setView(com.coco.lock2.app.Pee.Lock4Screen,android.os.Handler)
com.coco.lock2.app.Pee.Child: void onDraw(android.graphics.Canvas)
com.coco.lock2.app.Pee.Child: int getChildstate()
com.coco.lock2.app.Pee.Child: void onTouchEvent(android.view.MotionEvent)
com.coco.lock2.app.Pee.Child: void onDestroy()
com.coco.lock2.app.Pee.Child: void onResume()
com.coco.lock2.app.Pee.Child: void onPause()
com.coco.lock2.app.Pee.Child$1: void run()
com.coco.lock2.app.Pee.InsideLockActivity
com.coco.lock2.app.Pee.InsideLockActivity: InsideLockActivity()
com.coco.lock2.app.Pee.InsideLockActivity: void onCreate(android.os.Bundle)
com.coco.lock2.app.Pee.InsideLockActivity: void onWindowFocusChanged(boolean)
com.coco.lock2.app.Pee.InsideLockActivity: void onAttachedToWindow()
com.coco.lock2.app.Pee.InsideLockActivity: boolean onKeyDown(int,android.view.KeyEvent)
com.coco.lock2.app.Pee.InsideLockActivity: void onDestroy()
com.coco.lock2.app.Pee.InsideLockActivity$1: boolean handleMessage(android.os.Message)
com.coco.lock2.app.Pee.Lock4Screen: Lock4Screen(android.content.Context)
com.coco.lock2.app.Pee.Lock4Screen: void hidePrompt()
com.coco.lock2.app.Pee.Lock4Screen: void onWindowFocusChanged(boolean)
com.coco.lock2.app.Pee.Lock4Screen: boolean onTouchEvent(android.view.MotionEvent)
com.coco.lock2.app.Pee.Lock4Screen: void onViewResume()
com.coco.lock2.app.Pee.Lock4Screen: void onViewPause()
com.coco.lock2.app.Pee.Lock4Screen: void onViewDestroy()
...
com.badlogic.gdx.scenes.scene2d.ui.Window$WindowStyle
com.badlogic.gdx.scenes.scene2d.ui.Window$WindowStyle: com.badlogic.gdx.graphics.g2d.NinePatch background
com.badlogic.gdx.scenes.scene2d.ui.Window$WindowStyle: com.badlogic.gdx.graphics.g2d.BitmapFont titleFont
com.badlogic.gdx.scenes.scene2d.ui.Window$WindowStyle: com.badlogic.gdx.graphics.Color titleFontColor
com.badlogic.gdx.scenes.scene2d.ui.Window$WindowStyle: Window$WindowStyle()
com.badlogic.gdx.scenes.scene2d.ui.Window$WindowStyle: Window$WindowStyle(com.badlogic.gdx.graphics.g2d.BitmapFont,com.badlogic.gdx.graphics.Color,com.badlogic.gdx.graphics.g2d.NinePatch)
com.badlogic.gdx.scenes.scene2d.ui.tablelayout.LibgdxToolkit
com.badlogic.gdx.scenes.scene2d.ui.tablelayout.LibgdxToolkit: com.badlogic.gdx.scenes.scene2d.ui.tablelayout.LibgdxToolkit instance
com.badlogic.gdx.scenes.scene2d.ui.tablelayout.LibgdxToolkit: boolean drawDebug
com.badlogic.gdx.scenes.scene2d.ui.tablelayout.LibgdxToolkit: void <clinit>()
com.badlogic.gdx.scenes.scene2d.ui.tablelayout.LibgdxToolkit: LibgdxToolkit()
com.badlogic.gdx.scenes.scene2d.ui.tablelayout.LibgdxToolkit: com.badlogic.gdx.scenes.scene2d.Actor wrap(com.badlogic.gdx.scenes.scene2d.ui.tablelayout.TableLayout,java.lang.Object)
com.badlogic.gdx.scenes.scene2d.ui.tablelayout.LibgdxToolkit: com.badlogic.gdx.scenes.scene2d.Actor newWidget(com.badlogic.gdx.scenes.scene2d.ui.tablelayout.TableLayout,java.lang.String)
com.badlogic.gdx.scenes.scene2d.ui.tablelayout.LibgdxToolkit: com.badlogic.gdx.scenes.scene2d.Actor newInstance(com.badlogic.gdx.scenes.scene2d.ui.tablelayout.TableLayout,java.lang.String)
com.badlogic.gdx.scenes.scene2d.ui.tablelayout.LibgdxToolkit: void setProperty(com.badlogic.gdx.scenes.scene2d.ui.tablelayout.TableLayout,com.badlogic.gdx.scenes.scene2d.Actor,java.lang.String,java.util.List)
com.badlogic.gdx.scenes.scene2d.ui.tablelayout.LibgdxToolkit: java.lang.Object convertType(com.badlogic.gdx.scenes.scene2d.ui.tablelayout.TableLayout,java.lang.Object,java.lang.Class,java.lang.String,java.lang.String)
com.badlogic.gdx.scenes.scene2d.ui.tablelayout.LibgdxToolkit$1
com.badlogic.gdx.scenes.scene2d.ui.tablelayout.LibgdxToolkit$1: com.badlogic.gdx.scenes.scene2d.ui.tablelayout.LibgdxToolkit this$0
com.badlogic.gdx.scenes.scene2d.ui.tablelayout.LibgdxToolkit$1: LibgdxToolkit$1(com.badlogic.gdx.scenes.scene2d.ui.tablelayout.LibgdxToolkit)
com.badlogic.gdx.scenes.scene2d.ui.tablelayout.LibgdxToolkit$1: void draw(com.badlogic.gdx.graphics.g2d.SpriteBatch,float)
com.badlogic.gdx.scenes.scene2d.ui.tablelayout.LibgdxToolkit$1: com.badlogic.gdx.scenes.scene2d.Actor hit(float,float)
com.badlogic.gdx.scenes.scene2d.ui.tablelayout.LibgdxToolkit$DebugRect
com.badlogic.gdx.scenes.scene2d.ui.tablelayout.LibgdxToolkit$DebugRect: int type
com.badlogic.gdx.scenes.scene2d.ui.tablelayout.LibgdxToolkit$DebugRect: LibgdxToolkit$DebugRect(int,int,int,int,int)