Pee/proguard/mapping.txt
com.coco.lock2.app.Pee.AppConfig -> a:
    com.coco.lock2.app.Pee.AppConfig mInstance -> g
    java.lang.String default_lockscreen_package -> h
    java.lang.String default_lockscreen_class -> i
    java.lang.String default_lockscreen_wrap -> j
    boolean zheshanVisible -> k
    boolean systemWallpaper -> l
    boolean lightColor -> m
    boolean volume -> n
    boolean needIcon -> o
    int unlockTime -> p
    int xinYiX -> q
    int xinYiY -> r
    int xinYiProportion -> s
    java.lang.String timeXy -> a
    int slidingScreenWidth -> b
    boolean useSystemIconStyle -> c
    int IconX -> t
    int IconY -> u
    int SimX -> v
    int SimY -> w
    int PromptX -> x
    int PromptY -> y
    int IconProportion -> z
    int dataX -> A
    int dataY -> B
    int timeX -> C
    int timeY -> D
    boolean xinYiDisplay -> E
    int pHoneIconIn -> F
    int sMsIconIn -> G
    int timefontsize -> H
    int datefontsize -> I
    java.lang.String[] PackageName -> d
    java.lang.String[] ClassName -> e
    java.lang.String[] ImageNames -> f
    java.lang.String bgPath -> J
    boolean Increaseweek -> K
    boolean systemWallpaper4_0 -> L
    int missingInformationY -> M
    int mSmsbl -> N
    boolean Accordingtocarrier -> O
    int Powerfontsize -> P
    int powerX -> Q
    int powerY -> R
    boolean missingInformationTimeDis -> S
    boolean AmFixed -> T
    boolean shielding -> U
    boolean usetimeimg -> V
    int weatherImgX -> W
    int weatherImgY -> X
com.coco.lock2.app.Pee.Base -> b:
    java.lang.Runnable Refresh_handler -> a
    android.os.Handler mhandler -> b
    int delaytime -> c
    android.os.Handler getMhandler() -> getMhandler
    void onResume() -> onResume
    void onPause() -> onPause
    void onDestroy() -> onDestroy
    void InitUI(int,int) -> InitUI
    void onDraw(android.graphics.Canvas) -> onDraw
    void delayHandle() -> delayHandle
com.coco.lock2.app.Pee.Child -> c:
    int childstate -> n
    int refreshstate -> a
    android.content.Context mContext -> o
    int width -> p
    int height -> q
    float scale -> r
    boolean touched -> s
    boolean moved -> b
    boolean beginUnlock -> c
    int index -> d
    android.os.Handler mHandler -> e
    com.coco.lock2.app.Pee.Lock4Screen mView -> f
    float touchDownY -> t
    android.graphics.drawable.Drawable[] noteDrawables -> u
    int noteNum -> g
    int[] noteImageId -> h
    android.graphics.drawable.Drawable[] childDrawables -> v
    android.graphics.drawable.Drawable[] peeingDrawables -> w
    int[] childImageId -> i
    int[] childpeeingID -> j
    android.graphics.drawable.Drawable[] fireDrawables -> x
    android.graphics.drawable.Drawable[] extinguishDrawables -> y
    int fireIndex -> k
    int[] fireImageId -> l
    int[] ExtinguishImageId -> m
    java.lang.Runnable animRunnable -> z
    void setViewHeight(int) -> setViewHeight
    void setView(com.coco.lock2.app.Pee.Lock4Screen,android.os.Handler) -> setView
    void onDraw(android.graphics.Canvas) -> onDraw
    int getChildstate() -> getChildstate
    void onTouchEvent(android.view.MotionEvent) -> onTouchEvent
    void freedDrawable(android.graphics.drawable.Drawable) -> a
    void onDestroy() -> onDestroy
    void onResume() -> onResume
    void onPause() -> onPause
com.coco.lock2.app.Pee.Child$1 -> d:
    com.coco.lock2.app.Pee.Child this$0 -> a
    void run() -> run
com.coco.lock2.app.Pee.InsideLockActivity -> com.coco.lock2.app.Pee.InsideLockActivity:
    com.coco.lock2.app.Pee.ViewWrap wrap -> a
    void onCreate(android.os.Bundle) -> onCreate
    void onWindowFocusChanged(boolean) -> onWindowFocusChanged
    void onAttachedToWindow() -> onAttachedToWindow
    boolean onKeyDown(int,android.view.KeyEvent) -> onKeyDown
    void onResume() -> onResume
    void onDestroy() -> onDestroy
    void onPause() -> onPause
com.coco.lock2.app.Pee.InsideLockActivity$1 -> e:
    com.coco.lock2.app.Pee.InsideLockActivity this$0 -> a
    boolean handleMessage(android.os.Message) -> handleMessage
...
android.support.v4.content.ModernAsyncTask$4 -> android.support.v4.content.ModernAsyncTask$4:
    int[] $SwitchMap$android$support$v4$content$ModernAsyncTask$Status -> a
android.support.v4.content.ModernAsyncTask$AsyncTaskResult -> android.support.v4.content.ModernAsyncTask$AsyncTaskResult:
    android.support.v4.content.ModernAsyncTask mTask -> a
    java.lang.Object[] mData -> b
android.support.v4.content.ModernAsyncTask$InternalHandler -> android.support.v4.content.ModernAsyncTask$InternalHandler:
    void handleMessage(android.os.Message) -> handleMessage
android.support.v4.content.ModernAsyncTask$Status -> android.support.v4.content.ModernAsyncTask$Status:
    android.support.v4.content.ModernAsyncTask$Status PENDING -> PENDING
    android.support.v4.content.ModernAsyncTask$Status RUNNING -> RUNNING
    android.support.v4.content.ModernAsyncTask$Status FINISHED -> FINISHED
    android.support.v4.content.ModernAsyncTask$Status[] $VALUES -> $VALUES
    android.support.v4.content.ModernAsyncTask$Status[] values() -> values
    android.support.v4.content.ModernAsyncTask$Status valueOf(java.lang.String) -> valueOf
android.support.v4.content.ModernAsyncTask$WorkerRunnable -> android.support.v4.content.ModernAsyncTask$WorkerRunnable:
    java.lang.Object[] mParams -> b
android.support.v4.content.WakefulBroadcastReceiver -> android.support.v4.content.WakefulBroadcastReceiver:
    android.util.SparseArray mActiveWakeLocks -> a
    int mNextId -> b
    android.content.ComponentName startWakefulService(android.content.Context,android.content.Intent) -> startWakefulService
    boolean completeWakefulIntent(android.content.Intent) -> completeWakefulIntent
android.support.v4.content.pm.ActivityInfoCompat -> android.support.v4.content.pm.ActivityInfoCompat:
android.support.v4.database.DatabaseUtilsCompat -> android.support.v4.database.DatabaseUtilsCompat:
    java.lang.String concatenateWhere(java.lang.String,java.lang.String) -> concatenateWhere
    java.lang.String[] appendSelectionArgs(java.lang.String[],java.lang.String[]) -> appendSelectionArgs
android.support.v4.graphics.drawable.DrawableCompat -> android.support.v4.graphics.drawable.DrawableCompat:
    android.support.v4.graphics.drawable.DrawableCompat$DrawableImpl IMPL -> a
    void jumpToCurrentState(android.graphics.drawable.Drawable) -> jumpToCurrentState
    void setAutoMirrored(android.graphics.drawable.Drawable,boolean) -> setAutoMirrored
    boolean isAutoMirrored(android.graphics.drawable.Drawable) -> isAutoMirrored
android.support.v4.graphics.drawable.DrawableCompat$BaseDrawableImpl -> android.support.v4.graphics.drawable.DrawableCompat$BaseDrawableImpl:
    void jumpToCurrentState(android.graphics.drawable.Drawable) -> jumpToCurrentState
    void setAutoMirrored(android.graphics.drawable.Drawable,boolean) -> setAutoMirrored
    boolean isAutoMirrored(android.graphics.drawable.Drawable) -> isAutoMirrored
android.support.v4.graphics.drawable.DrawableCompat$DrawableImpl -> android.support.v4.graphics.drawable.DrawableCompat$DrawableImpl:
    void jumpToCurrentState(android.graphics.drawable.Drawable) -> jumpToCurrentState
    void setAutoMirrored(android.graphics.drawable.Drawable,boolean) -> setAutoMirrored
    boolean isAutoMirrored(android.graphics.drawable.Drawable) -> isAutoMirrored
android.support.v4.graphics.drawable.DrawableCompat$HoneycombDrawableImpl -> android.support.v4.graphics.drawable.DrawableCompat$HoneycombDrawableImpl:
    void jumpToCurrentState(android.graphics.drawable.Drawable) -> jumpToCurrentState
android.support.v4.graphics.drawable.DrawableCompat$KitKatDrawableImpl -> android.support.v4.graphics.drawable.DrawableCompat$KitKatDrawableImpl:
    void setAutoMirrored(android.graphics.drawable.Drawable,boolean) -> setAutoMirrored
    boolean isAutoMirrored(android.graphics.drawable.Drawable) -> isAutoMirrored