Pee/proguard/usage.txt
com.coco.lock2.app.Pee.Base:
    22:24:protected void setRefresh(java.lang.Runnable,int)
com.coco.lock2.app.Pee.BuildConfig
com.coco.lock2.app.Pee.Child:
    private static final int space1
    private static final int space2
com.coco.lock2.app.Pee.Lock4Screen:
    private static final java.lang.String TAG
com.coco.lock2.app.Pee.R
com.coco.lock2.app.Pee.R$attr
com.coco.lock2.app.Pee.R$color
com.coco.lock2.app.Pee.R$dimen
com.coco.lock2.app.Pee.R$drawable
com.coco.lock2.app.Pee.R$id
com.coco.lock2.app.Pee.R$layout
com.coco.lock2.app.Pee.R$menu
com.coco.lock2.app.Pee.R$raw
com.coco.lock2.app.Pee.R$string
com.coco.lock2.app.Pee.R$style
com.coco.lock2.app.Pee.R$xml
com.coco.lock2.app.Pee.TimeShow:
    private static final int space1
    private static final int space2
com.coco.lock2.app.Pee.ViewWrap:
    private static final java.lang.String LOG_TAG
com.coco.lock2.app.Pee.common.BaseView:
    85:88:protected void gotoDialog()
    91:95:protected void gotoMSG()
    98:104:protected void gotoCamera()
    107:113:protected void gotoBrowser()
...
android.support.v4.view.ViewPropertyAnimatorCompat:
    private static final java.lang.String TAG
android.support.v4.view.WindowCompat:
    public static final int FEATURE_ACTION_BAR
    public static final int FEATURE_ACTION_BAR_OVERLAY
    public static final int FEATURE_ACTION_MODE_OVERLAY
android.support.v4.view.accessibility.AccessibilityEventCompat:
    public static final int TYPE_VIEW_HOVER_ENTER
    public static final int TYPE_VIEW_HOVER_EXIT
    public static final int TYPE_TOUCH_EXPLORATION_GESTURE_START
    public static final int TYPE_TOUCH_EXPLORATION_GESTURE_END
    public static final int TYPE_WINDOW_CONTENT_CHANGED
    public static final int TYPE_VIEW_SCROLLED
    public static final int TYPE_VIEW_TEXT_SELECTION_CHANGED
    public static final int TYPE_ANNOUNCEMENT
    public static final int TYPE_VIEW_ACCESSIBILITY_FOCUSED
    public static final int TYPE_VIEW_ACCESSIBILITY_FOCUS_CLEARED
    public static final int TYPE_VIEW_TEXT_TRAVERSED_AT_MOVEMENT_GRANULARITY
    public static final int TYPE_GESTURE_DETECTION_START
    public static final int TYPE_GESTURE_DETECTION_END
    public static final int TYPE_TOUCH_INTERACTION_START
    public static final int TYPE_TOUCH_INTERACTION_END
    public static final int TYPES_ALL_MASK
android.support.v4.view.accessibility.AccessibilityNodeInfoCompat:
    public static final int ACTION_FOCUS
    public static final int ACTION_CLEAR_FOCUS
    public static final int ACTION_SELECT
    public static final int ACTION_CLEAR_SELECTION
    public static final int ACTION_CLICK
    public static final int ACTION_LONG_CLICK
    public static final int ACTION_ACCESSIBILITY_FOCUS
    public static final int ACTION_CLEAR_ACCESSIBILITY_FOCUS
    public static final int ACTION_NEXT_AT_MOVEMENT_GRANULARITY
    public static final int ACTION_PREVIOUS_AT_MOVEMENT_GRANULARITY
    public static final int ACTION_NEXT_HTML_ELEMENT
    public static final int ACTION_PREVIOUS_HTML_ELEMENT
    public static final int ACTION_SCROLL_FORWARD
    public static final int ACTION_SCROLL_BACKWARD
    public static final int ACTION_COPY
    public static final int ACTION_PASTE
    public static final int ACTION_CUT
    public static final int ACTION_SET_SELECTION
    public static final java.lang.String ACTION_ARGUMENT_MOVEMENT_GRANULARITY_INT
    public static final java.lang.String ACTION_ARGUMENT_HTML_ELEMENT_STRING
    public static final java.lang.String ACTION_ARGUMENT_EXTEND_SELECTION_BOOLEAN
    public static final java.lang.String ACTION_ARGUMENT_SELECTION_START_INT
    public static final java.lang.String ACTION_ARGUMENT_SELECTION_END_INT
    public static final int FOCUS_INPUT
    public static final int FOCUS_ACCESSIBILITY
android.support.v4.widget.AutoScrollHelper:
    public static final float RELATIVE_UNSPECIFIED
    public static final float NO_MAX
    public static final float NO_MIN
    public static final int EDGE_TYPE_INSIDE
    public static final int EDGE_TYPE_INSIDE_EXTEND
    public static final int EDGE_TYPE_OUTSIDE
    private static final int HORIZONTAL
    private static final int VERTICAL
    private static final int DEFAULT_EDGE_TYPE
    private static final int DEFAULT_MINIMUM_VELOCITY_DIPS
    private static final int DEFAULT_MAXIMUM_VELOCITY_DIPS
    private static final float DEFAULT_MAXIMUM_EDGE
    private static final float DEFAULT_RELATIVE_EDGE
    private static final float DEFAULT_RELATIVE_VELOCITY
    private static final int DEFAULT_RAMP_UP_DURATION
    private static final int DEFAULT_RAMP_DOWN_DURATION
android.support.v4.widget.ContentLoadingProgressBar:
    private static final int MIN_SHOW_TIME
    private static final int MIN_DELAY
android.support.v4.widget.CursorAdapter:
    public static final int FLAG_AUTO_REQUERY
    public static final int FLAG_REGISTER_CONTENT_OBSERVER
    160:161:protected void init(android.content.Context,android.database.Cursor,boolean)